<?xml version="1.0" encoding="UTF-8"?>
<!-- Generated by org.testng.reporters.JUnitXMLReporter -->
<testsuite ignored="0" hostname="LTIN445772" failures="0" tests="3" name="Default test" time="0.767" errors="0" timestamp="2024-08-29T15:58:17 IST">
  <testcase classname="dataDriven.ExcelDataProvider.DataProvider" name="testCaseData" time="0.008"/>
  <testcase classname="dataDriven.ExcelDataProvider.DataProvider" name="testCaseData" time="0.002"/>
  <testcase classname="dataDriven.ExcelDataProvider.DataProvider" name="testCaseData" time="0.002"/>
</testsuite> <!-- Default test -->
