<?xml version="1.0" encoding="UTF-8"?>
<testng-results ignored="0" total="3" passed="3" failed="0" skipped="0">
  <reporter-output>
  </reporter-output>
  <suite started-at="2024-08-29T15:58:16 IST" name="Default suite" finished-at="2024-08-29T15:58:17 IST" duration-ms="767">
    <groups>
    </groups>
    <test started-at="2024-08-29T15:58:16 IST" name="Default test" finished-at="2024-08-29T15:58:17 IST" duration-ms="767">
      <class name="dataDriven.ExcelDataProvider.DataProvider">
        <test-method signature="testCaseData(java.lang.String,java.lang.String,java.lang.String)[pri:0, instance:dataDriven.ExcelDataProvider.DataProvider@7a5ceedd]" started-at="2024-08-29T15:58:17 IST" name="testCaseData" data-provider="driveTest" finished-at="2024-08-29T15:58:17 IST" duration-ms="8" status="PASS">
          <params>
            <param index="0">
              <value>
                <![CDATA[hello]]>
              </value>
            </param>
            <param index="1">
              <value>
                <![CDATA[text]]>
              </value>
            </param>
            <param index="2">
              <value>
                <![CDATA[2]]>
              </value>
            </param>
          </params>
          <reporter-output>
          </reporter-output>
        </test-method> <!-- testCaseData -->
        <test-method signature="testCaseData(java.lang.String,java.lang.String,java.lang.String)[pri:0, instance:dataDriven.ExcelDataProvider.DataProvider@7a5ceedd]" started-at="2024-08-29T15:58:17 IST" name="testCaseData" data-provider="driveTest" finished-at="2024-08-29T15:58:17 IST" duration-ms="2" status="PASS">
          <params>
            <param index="0">
              <value>
                <![CDATA[bye]]>
              </value>
            </param>
            <param index="1">
              <value>
                <![CDATA[message]]>
              </value>
            </param>
            <param index="2">
              <value>
                <![CDATA[29]]>
              </value>
            </param>
          </params>
          <reporter-output>
          </reporter-output>
        </test-method> <!-- testCaseData -->
        <test-method signature="testCaseData(java.lang.String,java.lang.String,java.lang.String)[pri:0, instance:dataDriven.ExcelDataProvider.DataProvider@7a5ceedd]" started-at="2024-08-29T15:58:17 IST" name="testCaseData" data-provider="driveTest" finished-at="2024-08-29T15:58:17 IST" duration-ms="2" status="PASS">
          <params>
            <param index="0">
              <value>
                <![CDATA[solo]]>
              </value>
            </param>
            <param index="1">
              <value>
                <![CDATA[call]]>
              </value>
            </param>
            <param index="2">
              <value>
                <![CDATA[89]]>
              </value>
            </param>
          </params>
          <reporter-output>
          </reporter-output>
        </test-method> <!-- testCaseData -->
      </class> <!-- dataDriven.ExcelDataProvider.DataProvider -->
    </test> <!-- Default test -->
  </suite> <!-- Default suite -->
</testng-results>
